<?xml version="1.0" encoding="UTF-8"?>
<testsuite xmlns:xsi="http://www.w3.org/2001/XMLSchema-instance" xsi:noNamespaceSchemaLocation="https://maven.apache.org/surefire/maven-surefire-plugin/xsd/surefire-test-report-3.0.xsd" version="3.0" name="game.GameCountTest" time="0.116" tests="11" errors="0" skipped="0" failures="0">
  <properties>
[...]
</properties>
  <testcase name="getGameCount_Null_String_Argument_Test" classname="game.GameCountTest" time="0.034"/>
  <testcase name="getGameCount_Return_Number_Test" classname="game.GameCountTest" time="0.005"/>
  <testcase name="setGameCount_Null_String_Integer_Argument_Test" classname="game.GameCountTest" time="0.004"/>
  <testcase name="getThisUser_Null_String_Argument_Test" classname="game.GameCountTest" time="0.003"/>
  <testcase name="addUser_Checking_Adding_Name_Test" classname="game.GameCountTest" time="0.002"/>
  <testcase name="setGameCount_Null_String_Argument_Test" classname="game.GameCountTest" time="0.003"/>
  <testcase name="setGameCount_Test" classname="game.GameCountTest" time="0.002"/>
  <testcase name="addUser_Null_String_Argument_Test" classname="game.GameCountTest" time="0.002"/>
  <testcase name="getThisUser_Test" classname="game.GameCountTest" time="0.002"/>
  <testcase name="getGameCount_Return_Integer_Type_Test" classname="game.GameCountTest" time="0.002"/>
  <testcase name="setGameCount_Null_Integer_Argument_Test" classname="game.GameCountTest" time="0.001"/>
</testsuite>